This is pdfTeX, Version 3.14159265-2.6-1.40.16 (TeX Live 2015) (preloaded format=pdflatex 2015.5.24)  30 JAN 2016 21:53
entering extended mode
 \write18 enabled.
 file:line:error style messages enabled.
 %&-line parsing enabled.
**thesis.tex
(./thesis.tex
LaTeX2e <2015/01/01>
Babel <3.9l> and hyphenation patterns for 79 languages loaded.
(./thesis.cls
Document Class: thesis 2009/01/06 Rensselaer Polytechnic Institute
(/usr/local/texlive/2015/texmf-dist/tex/latex/base/report.cls
Document Class: report 2014/09/29 v1.4h Standard LaTeX document class
(/usr/local/texlive/2015/texmf-dist/tex/latex/base/size12.clo
File: size12.clo 2014/09/29 v1.4h Standard LaTeX file (size option)
)
\c@part=\count79
\c@chapter=\count80
\c@section=\count81
\c@subsection=\count82
\c@subsubsection=\count83
\c@paragraph=\count84
\c@subparagraph=\count85
\c@figure=\count86
\c@table=\count87
\abovecaptionskip=\skip41
\belowcaptionskip=\skip42
\bibindent=\dimen102
)
\c@firstchapter=\count88
\numcomm=\count89
) (/usr/local/texlive/2015/texmf-dist/tex/latex/geometry/geometry.sty
Package: geometry 2010/09/12 v5.6 Page Geometry
 (/usr/local/texlive/2015/texmf-dist/tex/latex/graphics/keyval.sty
Package: keyval 2014/10/28 v1.15 key=value parser (DPC)
\KV@toks@=\toks14
) (/usr/local/texlive/2015/texmf-dist/tex/generic/oberdiek/ifpdf.sty
Package: ifpdf 2011/01/30 v2.3 Provides the ifpdf switch (HO)
Package ifpdf Info: pdfTeX in PDF mode is detected.
) (/usr/local/texlive/2015/texmf-dist/tex/generic/oberdiek/ifvtex.sty
Package: ifvtex 2010/03/01 v1.5 Detect VTeX and its facilities (HO)
Package ifvtex Info: VTeX not detected.
) (/usr/local/texlive/2015/texmf-dist/tex/generic/ifxetex/ifxetex.sty
Package: ifxetex 2010/09/12 v0.6 Provides ifxetex conditional
)
\Gm@cnth=\count90
\Gm@cntv=\count91
\c@Gm@tempcnt=\count92
\Gm@bindingoffset=\dimen103
\Gm@wd@mp=\dimen104
\Gm@odd@mp=\dimen105
\Gm@even@mp=\dimen106
\Gm@layoutwidth=\dimen107
\Gm@layoutheight=\dimen108
\Gm@layouthoffset=\dimen109
\Gm@layoutvoffset=\dimen110
\Gm@dimlist=\toks15
) (/usr/local/texlive/2015/texmf-dist/tex/latex/frankenstein/achicago.sty
Package: achicago 2001/08/31 v1.2 Chicago Manual author-date citations
 (/usr/local/texlive/2015/texmf-dist/tex/latex/frankenstein/blkcntrl.sty
Package: blkcntrl 2001/08/31 v1.2 block control
 (/usr/local/texlive/2015/texmf-dist/tex/latex/frankenstein/moredefs.sty
Package: moredefs 2001/08/31 v1.8 more defining commands (Frankenstein's brain)
\sc@toks@a=\toks16
\sc@toks@b=\toks17
) (/usr/local/texlive/2015/texmf-dist/tex/latex/relsize/relsize.sty
Package: relsize 2013/03/29 ver 4.1
)) (/usr/local/texlive/2015/texmf-dist/tex/latex/frankenstein/slemph.sty
Package: slemph 1999/02/25 v1.2 slanted emphasis (Frankenstein's gait)
LaTeX Info: Redefining \itswitch on input line 177.
LaTeX Info: Redefining \slswitch on input line 186.
LaTeX Info: Redefining \textitswitch on input line 195.
LaTeX Info: Redefining \textslswitch on input line 196.
 (/usr/local/texlive/2015/texmf-dist/tex/latex/frankenstein/slemph.cfg
File: slemph.cfg 
)) (/usr/local/texlive/2015/texmf-dist/tex/latex/frankenstein/titles.sty
Package: titles 2001/08/31 v1.2 title macros (Frankenstein's references)
 (/usr/local/texlive/2015/texmf-dist/tex/latex/frankenstein/titles.cfg
File: titles.cfg 
))
(/usr/local/texlive/2015/texmf-dist/tex/latex/tools/verbatim.sty
Package: verbatim 2014/10/28 v1.5q LaTeX2e package for verbatim enhancements
\every@verbatim=\toks18
\verbatim@line=\toks19
\verbatim@in@stream=\read1
)
\sc@box@a=\box26
) (/usr/local/texlive/2015/texmf-dist/tex/latex/base/fontenc.sty
Package: fontenc 2005/09/27 v1.99g Standard LaTeX package
 (/usr/local/texlive/2015/texmf-dist/tex/latex/base/t1enc.def
File: t1enc.def 2005/09/27 v1.99g Standard LaTeX file
LaTeX Font Info:    Redeclaring font encoding T1 on input line 48.
)) (/usr/local/texlive/2015/texmf-dist/tex/latex/caption/caption.sty
Package: caption 2013/05/02 v3.3-89 Customizing captions (AR)
 (/usr/local/texlive/2015/texmf-dist/tex/latex/caption/caption3.sty
Package: caption3 2013/05/02 v1.6-88 caption3 kernel (AR)
Package caption3 Info: TeX engine: e-TeX on input line 57.
\captionmargin=\dimen111
\captionmargin@=\dimen112
\captionwidth=\dimen113
\caption@tempdima=\dimen114
\caption@indent=\dimen115
\caption@parindent=\dimen116
\caption@hangindent=\dimen117
Package caption Info: Unknown document class (or package),
(caption)             standard defaults will be used.
)

Package caption Warning: Unsupported document class (or package) detected,
(caption)                usage of the caption package is not recommended.
See the caption package documentation for explanation.

Package caption Info: \@makecaption = \long macro:#1#2->\vskip \abovecaptionskip \sbox \@tempboxa {\bfseries #1:~~#2}\ifdim \wd \@tempboxa >\hsize {\bfseries #1:~~#2}\par \else \global \@minipagefalse \hb@xt@ \hsize {\hfil \box \@tempboxa \hfil }\fi \vskip \belowcaptionskip .
\c@ContinuedFloat=\count93
) (./thesis.aux (./includes/title-page.aux) (./includes/preamble.aux) (./includes/dissertation-proposal-md.aux) (./includes/bibliography.aux))
\openout1 = `thesis.aux'.

LaTeX Font Info:    Checking defaults for OML/cmm/m/it on input line 28.
LaTeX Font Info:    ... okay on input line 28.
LaTeX Font Info:    Checking defaults for T1/cmr/m/n on input line 28.
LaTeX Font Info:    ... okay on input line 28.
LaTeX Font Info:    Checking defaults for OT1/cmr/m/n on input line 28.
LaTeX Font Info:    ... okay on input line 28.
LaTeX Font Info:    Checking defaults for OMS/cmsy/m/n on input line 28.
LaTeX Font Info:    ... okay on input line 28.
LaTeX Font Info:    Checking defaults for OMX/cmex/m/n on input line 28.
LaTeX Font Info:    ... okay on input line 28.
LaTeX Font Info:    Checking defaults for U/cmr/m/n on input line 28.
LaTeX Font Info:    ... okay on input line 28.

*geometry* driver: auto-detecting
*geometry* detected driver: pdftex
*geometry* verbose mode - [ preamble ] result:
* driver: pdftex
* paper: letterpaper
* layout: <same size as paper>
* layoutoffset:(h,v)=(0.0pt,0.0pt)
* modes: 
* h-part:(L,W,R)=(90.3375pt, 433.62001pt, 90.3375pt)
* v-part:(T,H,B)=(90.3375pt, 614.295pt, 90.3375pt)
* \paperwidth=614.295pt
* \paperheight=794.96999pt
* \textwidth=433.62001pt
* \textheight=614.295pt
* \oddsidemargin=18.0675pt
* \evensidemargin=18.0675pt
* \topmargin=-24.84004pt
* \headheight=14.0pt
* \headsep=28.90755pt
* \topskip=12.0pt
* \footskip=30.0pt
* \marginparwidth=40.0pt
* \marginparsep=10.0pt
* \columnsep=10.0pt
* \skip\footins=10.8pt plus 4.0pt minus 2.0pt
* \hoffset=0.0pt
* \voffset=0.0pt
* \mag=1000
* \@twocolumnfalse
* \@twosidefalse
* \@mparswitchfalse
* \@reversemarginfalse
* (1in=72.27pt=25.4mm, 1cm=28.453pt)

Package caption Info: Begin \AtBeginDocument code.
Package caption Info: End \AtBeginDocument code.
\openout2 = `./includes/title-page.aux'.

(./includes/title-page.tex [1


{/usr/local/texlive/2015/texmf-var/fonts/map/pdftex/updmap/pdftex.map}])
\openout2 = `./includes/preamble.aux'.

 (./includes/preamble.tex (./thesis.toc
LaTeX Font Info:    External font `cmex10' loaded for size
(Font)              <12> on input line 1.
LaTeX Font Info:    External font `cmex10' loaded for size
(Font)              <8> on input line 1.
LaTeX Font Info:    External font `cmex10' loaded for size
(Font)              <6> on input line 1.
)
\tf@toc=\write3
\openout3 = `thesis.toc'.

 [2



] (./thesis.lot)
\tf@lot=\write4
\openout4 = `thesis.lot'.

 [3

] (./thesis.lof)
\tf@lof=\write5
\openout5 = `thesis.lof'.

) [4

]
\openout2 = `./includes/dissertation-proposal-md.aux'.

 (./includes/dissertation-proposal-md.tex
LaTeX Font Info:    External font `cmex10' loaded for size
(Font)              <7> on input line 7.
LaTeX Font Info:    External font `cmex10' loaded for size
(Font)              <5> on input line 7.
 [5


] [6] [7] [8]
./includes/dissertation-proposal-md.tex:43: Undefined control sequence.
l.43 \includegraphics
                     {./figures/harmonic-series.png}
The control sequence at the end of the top line
of your error message was never \def'ed. If you have
misspelled it (e.g., `\hobx'), type `I' and the correct
spelling (e.g., `I\hbox'). Otherwise just continue,
and I'll forget about whatever was undefined.

[9] [10]) [11]
\openout2 = `./includes/bibliography.aux'.

 (./includes/bibliography.tex (./thesis.bbl [12



])) [13] (./thesis.aux (./includes/title-page.aux) (./includes/preamble.aux) (./includes/dissertation-proposal-md.aux) (./includes/bibliography.aux)) ) 
Here is how much of TeX's memory you used:
 2554 strings out of 493089
 38807 string characters out of 6134842
 106183 words of memory out of 5000000
 6008 multiletter control sequences out of 15000+600000
 13302 words of font info for 32 fonts, out of 8000000 for 9000
 1141 hyphenation exceptions out of 8191
 36i,8n,39p,1481b,265s stack positions out of 5000i,500n,10000p,200000b,80000s
{/usr/local/texlive/2015/texmf-dist/fonts/enc/dvips/cm-super/cm-super-t1.enc}</usr/local/texlive/2015/texmf-dist/fonts/type1/public/amsfonts/cm/cmmi12.pfb></usr/local/texlive/2015/texmf-dist/fonts/type1/public/cm-super/sfbx1440.pfb></usr/local/texlive/2015/texmf-dist/fonts/type1/public/cm-super/sfrm0700.pfb></usr/local/texlive/2015/texmf-dist/fonts/type1/public/cm-super/sfrm0800.pfb></usr/local/texlive/2015/texmf-dist/fonts/type1/public/cm-super/sfrm1000.pfb></usr/local/texlive/2015/texmf-dist/fonts/type1/public/cm-super/sfrm1200.pfb></usr/local/texlive/2015/texmf-dist/fonts/type1/public/cm-super/sfrm1440.pfb></usr/local/texlive/2015/texmf-dist/fonts/type1/public/cm-super/sfsl1000.pfb></usr/local/texlive/2015/texmf-dist/fonts/type1/public/cm-super/sfsl1200.pfb></usr/local/texlive/2015/texmf-dist/fonts/type1/public/cm-super/sfti1200.pfb>
Output written on thesis.pdf (13 pages, 209460 bytes).
PDF statistics:
 88 PDF objects out of 1000 (max. 8388607)
 62 compressed objects within 1 object stream
 0 named destinations out of 1000 (max. 500000)
 1 words of extra memory for PDF output out of 10000 (max. 10000000)

